\BOOKMARK [1][-]{section.1}{\376\377\301\034\270\140}{}% 1
\BOOKMARK [2][-]{subsection.1.1}{\376\377\274\370\000\040\261\174\273\070\307\130\000\040\320\164\270\010\307\204}{section.1}% 2
\BOOKMARK [2][-]{subsection.1.2}{\376\377\276\104\320\164\270\010\307\204\254\374\000\040\325\164\301\035\000\040\274\224\307\004}{section.1}% 3
\BOOKMARK [1][-]{section.2}{\376\377\255\000\270\050\000\040\305\360\255\154\306\100\000\040\274\060\254\275}{}% 4
\BOOKMARK [2][-]{subsection.2.1}{\376\377\000L\000E\000O\000\040\000s\000a\000t\000e\000l\000l\000i\000t\000e\000\040\000U\000E\000M\000R\306\100\000\040\000l\000o\000w\000-\000f\000r\000e\000q\000u\000e\000n\000c\000y\000\040\000r\000a\000d\000i\000o\000\040\000a\000s\000t\000r\000o\000n\000o\000m\000y}{section.2}% 5
\BOOKMARK [2][-]{subsection.2.2}{\376\377\000D\000e\000l\000a\000y\000-\000s\000p\000e\000c\000t\000r\000u\000m\000\040\255\000\310\020}{section.2}% 6
\BOOKMARK [2][-]{subsection.2.3}{\376\377\000M\000o\000v\000i\000n\000g\000\040\000e\000m\000i\000t\000t\000e\000r\306\100\000\040\000f\000r\000i\000n\000g\000e\000-\000r\000a\000t\000e}{section.2}% 7
\BOOKMARK [2][-]{subsection.2.4}{\376\377\000P\000o\000l\000a\000r\000i\000z\000a\000t\000i\000o\000n\000\040\000i\000s\000s\000u\000e}{section.2}% 8
\BOOKMARK [1][-]{section.3}{\376\377\263\160\307\164\321\060\306\100\000\040\302\344\325\330\000\040\301\044\310\025}{}% 9
\BOOKMARK [2][-]{subsection.3.1}{\376\377\000B\000a\000c\000k\000g\000r\000o\000u\000n\000d\000\040\000v\000i\000s\000i\000b\000i\000l\000i\000t\000y}{section.3}% 10
\BOOKMARK [2][-]{subsection.3.2}{\376\377\000I\000n\000v\000a\000l\000i\000d\000\040\000s\000a\000m\000p\000l\000e\000\040\000m\000a\000s\000k}{section.3}% 11
\BOOKMARK [2][-]{subsection.3.3}{\376\377\000W\000i\000n\000d\000o\000w\000\040\000s\000e\000l\000e\000c\000t\000i\000o\000n}{section.3}% 12
\BOOKMARK [2][-]{subsection.3.4}{\376\377\000R\000e\000p\000r\000o\000d\000u\000c\000i\000b\000i\000l\000i\000t\000y\000\040\000a\000r\000t\000i\000f\000a\000c\000t\000s}{section.3}% 13
\BOOKMARK [1][-]{section.4}{\376\377\000S\000t\000a\000r\000l\000i\000n\000k\000-\000l\000i\000k\000e\000\040\000U\000E\000M\000R\000\040\000i\000n\000j\000e\000c\000t\000i\000o\000n\000\040\000m\000o\000d\000e\000l}{}% 14
\BOOKMARK [2][-]{subsection.4.1}{\376\377\000N\000e\000a\000r\000-\000f\000i\000e\000l\000d\000\040\000g\000e\000o\000m\000e\000t\000r\000y}{section.4}% 15
\BOOKMARK [2][-]{subsection.4.2}{\376\377\000F\000l\000u\000x\000,\000\040\000r\000a\000n\000g\000e\000,\000\040\000b\000e\000a\000m\000,\000\040\000s\000c\000h\000e\000d\000u\000l\000e\000r\000\040\000m\000o\000d\000u\000l\000a\000t\000i\000o\000n}{section.4}% 16
\BOOKMARK [2][-]{subsection.4.3}{\376\377\000A\000m\000p\000l\000i\000t\000u\000d\000e\000\040\000s\000a\000n\000i\000t\000y}{section.4}% 17
\BOOKMARK [2][-]{subsection.4.4}{\376\377\000E\000m\000i\000t\000t\000e\000r\000\040\000c\000a\000p\000\040\000s\000e\000l\000e\000c\000t\000i\000o\000n}{section.4}% 18
\BOOKMARK [2][-]{subsection.4.5}{\376\377\000C\000o\000m\000m\000u\000n\000i\000c\000a\000t\000i\000o\000n\000\040\000t\000e\000x\000t\000u\000r\000e}{section.4}% 19
\BOOKMARK [1][-]{section.5}{\376\377\000P\000o\000l\000a\000r\000i\000z\000a\000t\000i\000o\000n\000\040\000m\000o\000d\000e\000l}{}% 20
\BOOKMARK [1][-]{section.6}{\376\377\000P\000i\000p\000e\000l\000i\000n\000e\000\040\274\017\000\040\000m\000e\000t\000r\000i\000c}{}% 21
\BOOKMARK [2][-]{subsection.6.1}{\376\377\000P\000r\000o\000c\000e\000s\000s\000i\000n\000g\000\040\000o\000p\000e\000r\000a\000t\000o\000r}{section.6}% 22
\BOOKMARK [2][-]{subsection.6.2}{\376\377\000I\000n\000t\000e\000r\000a\000c\000t\000i\000o\000n\000\040\000r\000e\000s\000i\000d\000u\000a\000l}{section.6}% 23
\BOOKMARK [2][-]{subsection.6.3}{\376\377\000C\000o\000h\000e\000r\000e\000n\000t\000-\000l\000i\000k\000e\000\040\000a\000m\000p\000l\000i\000f\000i\000c\000a\000t\000i\000o\000n}{section.6}% 24
\BOOKMARK [2][-]{subsection.6.4}{\376\377\000P\000a\000i\000r\000w\000i\000s\000e\000\040\000o\000v\000e\000r\000l\000a\000p}{section.6}% 25
\BOOKMARK [2][-]{subsection.6.5}{\376\377\000L\000o\000c\000a\000l\000/\000E\000o\000R\000-\000w\000i\000n\000d\000o\000w\000\040\000r\000e\000s\000i\000d\000u\000a\000l\000\040\000m\000e\000t\000r\000i\000c}{section.6}% 26
\BOOKMARK [1][-]{section.7}{\376\377\254\200\311\235\000\040\302\344\325\330\000\040\301\044\254\304}{}% 27
\BOOKMARK [2][-]{subsection.7.1}{\376\377\302\344\325\330\000\040\000A\000:\000\040\000p\000o\000l\000a\000r\000i\000z\000a\000t\000i\000o\000n\000\040\000s\000e\000n\000s\000i\000t\000i\000v\000i\000t\000y}{section.7}% 28
\BOOKMARK [2][-]{subsection.7.2}{\376\377\302\344\325\330\000\040\000B\000:\000\040\000p\000h\000a\000s\000e\000-\000r\000a\000n\000d\000o\000m\000i\000z\000e\000d\000\040\000n\000u\000l\000l}{section.7}% 29
\BOOKMARK [2][-]{subsection.7.3}{\376\377\302\344\325\330\000\040\000C\000:\000\040\000t\000o\000p\000-\000N\000\040\000s\000e\000n\000s\000i\000t\000i\000v\000i\000t\000y}{section.7}% 30
\BOOKMARK [2][-]{subsection.7.4}{\376\377\302\344\325\330\000\040\000D\000:\000\040\000p\000a\000i\000r\000w\000i\000s\000e\000\040\000d\000e\000l\000a\000y\000-\000b\000i\000n\000\040\000o\000v\000e\000r\000l\000a\000p}{section.7}% 31
\BOOKMARK [2][-]{subsection.7.5}{\376\377\302\344\325\330\000\040\000E\000:\000\040\000l\000o\000c\000a\000l\000\040\000r\000e\000s\000i\000d\000u\000a\000l\000\040\000b\000u\000d\000g\000e\000t}{section.7}% 32
\BOOKMARK [1][-]{section.8}{\376\377\254\260\254\374}{}% 33
\BOOKMARK [2][-]{subsection.8.1}{\376\377\000R\000e\000p\000r\000e\000s\000e\000n\000t\000a\000t\000i\000v\000e\000\040\000w\000a\000t\000e\000r\000f\000a\000l\000l}{section.8}% 34
\BOOKMARK [2][-]{subsection.8.2}{\376\377\000P\000o\000l\000a\000r\000i\000z\000a\000t\000i\000o\000n\000\040\000s\000e\000n\000s\000i\000t\000i\000v\000i\000t\000y}{section.8}% 35
\BOOKMARK [2][-]{subsection.8.3}{\376\377\000P\000h\000a\000s\000e\000-\000r\000a\000n\000d\000o\000m\000i\000z\000e\000d\000\040\000n\000u\000l\000l}{section.8}% 36
\BOOKMARK [2][-]{subsection.8.4}{\376\377\000T\000o\000p\000-\000N\000\040\000s\000e\000n\000s\000i\000t\000i\000v\000i\000t\000y}{section.8}% 37
\BOOKMARK [2][-]{subsection.8.5}{\376\377\000P\000a\000i\000r\000w\000i\000s\000e\000\040\000s\000a\000m\000e\000-\000d\000e\000l\000a\000y\000-\000b\000i\000n\000\040\000o\000v\000e\000r\000l\000a\000p}{section.8}% 38
\BOOKMARK [2][-]{subsection.8.6}{\376\377\000L\000o\000c\000a\000l\000\040\000r\000e\000s\000i\000d\000u\000a\000l\000\040\000b\000u\000d\000g\000e\000t}{section.8}% 39
\BOOKMARK [1][-]{section.9}{\376\377\261\174\307\130}{}% 40
\BOOKMARK [2][-]{subsection.9.1}{\376\377\306\134\000\040\000r\000a\000w\000\040\000v\000i\000s\000i\000b\000i\000l\000i\000t\000y\254\000\000\040\305\104\262\310\267\174\000\040\000i\000n\000t\000e\000r\000a\000c\000t\000i\000o\000n\000\040\000r\000e\000s\000i\000d\000u\000a\000l\307\170\254\000}{section.9}% 41
\BOOKMARK [2][-]{subsection.9.2}{\376\377\000C\000o\000h\000e\000r\000e\000n\000t\000-\000l\000i\000k\000e\267\174\262\224\000\040\324\134\326\004\307\130\000\040\307\130\273\370}{section.9}% 42
\BOOKMARK [2][-]{subsection.9.3}{\376\377\000T\000o\000p\000-\000N\000\040\000c\000a\000p\307\130\000\040\307\130\273\370}{section.9}% 43
\BOOKMARK [2][-]{subsection.9.4}{\376\377\000P\000o\000l\000a\000r\000i\000z\000a\000t\000i\000o\000n\000\040\000u\000n\000c\000e\000r\000t\000a\000i\000n\000t\000y}{section.9}% 44
\BOOKMARK [2][-]{subsection.9.5}{\376\377\000I\000n\000v\000a\000l\000i\000d\000\040\000s\000a\000m\000p\000l\000e\000s\306\100\000\040\000f\000i\000g\000u\000r\000e\000\040\000e\000t\000h\000i\000c\000s}{section.9}% 45
\BOOKMARK [1][-]{section.10}{\376\377\305\104\311\301\000\040\262\353\327\210\311\300\000\040\305\112\307\100\000\040\254\200\311\235}{}% 46
\BOOKMARK [2][-]{subsection.10.1}{\376\377\000S\000u\000b\000s\000p\000a\000c\000e\000\040\000n\000o\000n\000-\000i\000d\000e\000n\000t\000i\000f\000i\000a\000b\000i\000l\000i\000t\000y}{section.10}% 47
\BOOKMARK [2][-]{subsection.10.2}{\376\377\000W\000i\000n\000d\000o\000w\000\040\000e\000x\000p\000a\000n\000s\000i\000o\000n}{section.10}% 48
\BOOKMARK [2][-]{subsection.10.3}{\376\377\000A\000l\000t\000i\000t\000u\000d\000e\000\040\274\017\000\040\000b\000a\000s\000e\000l\000i\000n\000e\000\040\000s\000e\000n\000s\000i\000t\000i\000v\000i\000t\000y}{section.10}% 49
\BOOKMARK [1][-]{section.11}{\376\377\325\134\254\304}{}% 50
\BOOKMARK [1][-]{section.12}{\376\377\254\260\270\140}{}% 51
\BOOKMARK [1][-]{appendix.A}{\376\377\000A\000p\000p\000e\000n\000d\000i\000x\000\040\000A\000:\000\040\302\344\325\211\000\040\300\260\315\234\273\074\254\374\000\040\323\014\307\174\000\040\255\154\310\160}{}% 52
\BOOKMARK [1][-]{appendix.B}{\376\377\000A\000p\000p\000e\000n\000d\000i\000x\000\040\000B\000:\000\040\263\000\324\134\000\040\272\205\270\071\305\264}{}% 53
\BOOKMARK [1][-]{appendix.C}{\376\377\000A\000p\000p\000e\000n\000d\000i\000x\000\040\000C\000:\000\040\000M\000e\000t\000r\000i\000c\000\040\000c\000o\000l\000u\000m\000n\000\040\000d\000i\000c\000t\000i\000o\000n\000a\000r\000y}{}% 54
\BOOKMARK [1][-]{appendix.D}{\376\377\000A\000p\000p\000e\000n\000d\000i\000x\000\040\000D\000:\000\040\326\004\307\254\000\040\000T\000O\000D\000O\000\040\272\251\270\135}{}% 55
