This is XeTeX, Version 3.141592653-2.6-0.999997 (MiKTeX 25.12) (preloaded format=xelatex 2026.4.15)  4 MAY 2026 15:10
entering extended mode
 restricted \write18 enabled.
 %&-line parsing enabled.
**./hera_starlink_uemr_paper_ko.tex
(hera_starlink_uemr_paper_ko.tex
LaTeX2e <2025-11-01>
L3 programming layer <2025-12-24>
(C:\Users\kimeu\AppData\Local\Programs\MiKTeX\tex/latex/base\article.cls
Document Class: article 2025/01/22 v1.4n Standard LaTeX document class
(C:\Users\kimeu\AppData\Local\Programs\MiKTeX\tex/latex/base\size11.clo
File: size11.clo 2025/01/22 v1.4n Standard LaTeX file (size option)
)
\c@part=\count271
\c@section=\count272
\c@subsection=\count273
\c@subsubsection=\count274
\c@paragraph=\count275
\c@subparagraph=\count276
\c@figure=\count277
\c@table=\count278
\abovecaptionskip=\skip49
\belowcaptionskip=\skip50
\bibindent=\dimen148
)
(C:\Users\kimeu\AppData\Local\Programs\MiKTeX\tex/latex/cjk-ko\kotex.sty
Package: kotex 2015/04/19 v1.6 Korean TeX (ko.TeX)

(C:\Users\kimeu\AppData\Local\Programs\MiKTeX\tex/latex/kotex-utf\kotex.cfg)
(C:\Users\kimeu\AppData\Local\Programs\MiKTeX\tex/xetex/xetexko\xetexko.sty
Package: xetexko 2025/08/24 v4.6 typesetting Korean with XeTeX
\XeTeXcharclassID=\XeTeXcharclass1
\XeTeXcharclassCJ=\XeTeXcharclass2
\XeTeXcharclassOP=\XeTeXcharclass3
\XeTeXcharclassCL=\XeTeXcharclass4
\XeTeXcharclassEX=\XeTeXcharclass5
\XeTeXcharclassCM=\XeTeXcharclass6

(C:\Users\kimeu\AppData\Local\Programs\MiKTeX\tex/generic/unicode-data\load-uni
code-xetex-classes.tex 
load-unicode-xetex-classes.tex v1.19 (2025-09-26)
Reading Unicode east Asian character class data
# LineBreak-17.0.0.txt 
# Date: 2025-07-29, 13:52:18 GMT 
# EastAsianWidth-17.0.0.txt 
# Date: 2025-07-24, 00:12:54 GMT 
)
\XeTeXcharclassHG=\XeTeXcharclass7
\XeTeXcharclassJJ=\XeTeXcharclass8
\XeTeXcharclassMD=\XeTeXcharclass9
\XeTeXcharclassFS=\XeTeXcharclass10
\XeTeXcharclassLD=\XeTeXcharclass11
\XeTeXcharclassSY=\XeTeXcharclass12
\XeTeXcharclassAO=\XeTeXcharclass13
\XeTeXcharclassAC=\XeTeXcharclass14
\XeTeXcharclassAM=\XeTeXcharclass15
\XeTeXcharclassAH=\XeTeXcharclass16
\XeTeXcharclassAP=\XeTeXcharclass17
\XeTeXcharclassVC=\XeTeXcharclass18
\XeKo@toks@=\toks17
\XeKo@toks@ii=\toks18
\XeKo@skip@=\skip51
\XeKo@count@=\count279
\XeKo@dimen@=\dimen149
\XeKo@box@=\box53
\XeKo@dotemph@box=\box54
 (C:\Users\kimeu\AppData\Local\Programs\MiKTeX\tex/latex/fontspec\fontspec.sty
(C:\Users\kimeu\AppData\Local\Programs\MiKTeX\tex/latex/l3packages/xparse\xpars
e.sty
(C:\Users\kimeu\AppData\Local\Programs\MiKTeX\tex/latex/l3kernel\expl3.sty
Package: expl3 2025-12-24 L3 programming layer (loader) 

(C:\Users\kimeu\AppData\Local\Programs\MiKTeX\tex/latex/l3backend\l3backend-xet
ex.def
File: l3backend-xetex.def 2025-10-09 L3 backend support: XeTeX
\g__graphics_track_int=\count280
\g__pdfannot_backend_int=\count281
\g__pdfannot_backend_link_int=\count282
))
Package: xparse 2025-10-09 L3 Experimental document command parser
)
Package: fontspec 2025/09/29 v2.9g Font selection for XeLaTeX and LuaLaTeX

(C:\Users\kimeu\AppData\Local\Programs\MiKTeX\tex/latex/fontspec\fontspec-xetex
.sty
Package: fontspec-xetex 2025/09/29 v2.9g Font selection for XeLaTeX and LuaLaTe
X
\l__fontspec_script_int=\count283
\l__fontspec_language_int=\count284
\l__fontspec_strnum_int=\count285
\l__fontspec_tmp_int=\count286
\l__fontspec_tmpa_int=\count287
\l__fontspec_tmpb_int=\count288
\l__fontspec_tmpc_int=\count289
\l__fontspec_em_int=\count290
\l__fontspec_emdef_int=\count291
\l__fontspec_strong_int=\count292
\l__fontspec_strongdef_int=\count293
\l__fontspec_tmpa_dim=\dimen150
\l__fontspec_tmpb_dim=\dimen151
\l__fontspec_tmpc_dim=\dimen152
 (C:\Users\kimeu\AppData\Local\Programs\MiKTeX\tex/latex/base\fontenc.sty
Package: fontenc 2025/07/18 v2.1d Standard LaTeX package
)
(C:\Users\kimeu\AppData\Local\Programs\MiKTeX\tex/latex/fontspec\fontspec.cfg))
)
(C:\Users\kimeu\AppData\Local\Programs\MiKTeX\tex/latex/cjk-ko\kolabels-utf.sty
Package: kolabels-utf 2015/03/20 v1.5 UTF-8 Hangul item labels
)))
(C:\Users\kimeu\AppData\Local\Programs\MiKTeX\tex/latex/graphics\graphicx.sty
Package: graphicx 2024/12/31 v1.2e Enhanced LaTeX Graphics (DPC,SPQR)

(C:\Users\kimeu\AppData\Local\Programs\MiKTeX\tex/latex/graphics\keyval.sty
Package: keyval 2022/05/29 v1.15 key=value parser (DPC)
\KV@toks@=\toks19
)
(C:\Users\kimeu\AppData\Local\Programs\MiKTeX\tex/latex/graphics\graphics.sty
Package: graphics 2024/08/06 v1.4g Standard LaTeX Graphics (DPC,SPQR)

(C:\Users\kimeu\AppData\Local\Programs\MiKTeX\tex/latex/graphics\trig.sty
Package: trig 2023/12/02 v1.11 sin cos tan (DPC)
)
(C:\Users\kimeu\AppData\Local\Programs\MiKTeX\tex/latex/graphics-cfg\graphics.c
fg
File: graphics.cfg 2016/06/04 v1.11 sample graphics configuration
)
Package graphics Info: Driver file: xetex.def on input line 106.

(C:\Users\kimeu\AppData\Local\Programs\MiKTeX\tex/latex/graphics-def\xetex.def
File: xetex.def 2025/11/01 v5.0p Graphics/color driver for xetex
))
\Gin@req@height=\dimen153
\Gin@req@width=\dimen154
)
(C:\Users\kimeu\AppData\Local\Programs\MiKTeX\tex/latex/booktabs\booktabs.sty
Package: booktabs 2020/01/12 v1.61803398 Publication quality tables
\heavyrulewidth=\dimen155
\lightrulewidth=\dimen156
\cmidrulewidth=\dimen157
\belowrulesep=\dimen158
\belowbottomsep=\dimen159
\aboverulesep=\dimen160
\abovetopsep=\dimen161
\cmidrulesep=\dimen162
\cmidrulekern=\dimen163
\defaultaddspace=\dimen164
\@cmidla=\count294
\@cmidlb=\count295
\@aboverulesep=\dimen165
\@belowrulesep=\dimen166
\@thisruleclass=\count296
\@lastruleclass=\count297
\@thisrulewidth=\dimen167
)
(C:\Users\kimeu\AppData\Local\Programs\MiKTeX\tex/latex/amsmath\amsmath.sty
Package: amsmath 2025/07/09 v2.17z AMS math features
\@mathmargin=\skip52

For additional information on amsmath, use the `?' option.
(C:\Users\kimeu\AppData\Local\Programs\MiKTeX\tex/latex/amsmath\amstext.sty
Package: amstext 2024/11/17 v2.01 AMS text

(C:\Users\kimeu\AppData\Local\Programs\MiKTeX\tex/latex/amsmath\amsgen.sty
File: amsgen.sty 1999/11/30 v2.0 generic functions
\@emptytoks=\toks20
\ex@=\dimen168
))
(C:\Users\kimeu\AppData\Local\Programs\MiKTeX\tex/latex/amsmath\amsbsy.sty
Package: amsbsy 1999/11/29 v1.2d Bold Symbols
\pmbraise@=\dimen169
)
(C:\Users\kimeu\AppData\Local\Programs\MiKTeX\tex/latex/amsmath\amsopn.sty
Package: amsopn 2022/04/08 v2.04 operator names
)
\inf@bad=\count298
LaTeX Info: Redefining \frac on input line 233.
\uproot@=\count299
\leftroot@=\count300
LaTeX Info: Redefining \overline on input line 398.
LaTeX Info: Redefining \colon on input line 409.
\classnum@=\count301
\DOTSCASE@=\count302
LaTeX Info: Redefining \ldots on input line 495.
LaTeX Info: Redefining \dots on input line 498.
LaTeX Info: Redefining \cdots on input line 619.
\Mathstrutbox@=\box55
\strutbox@=\box56
LaTeX Info: Redefining \big on input line 721.
LaTeX Info: Redefining \Big on input line 722.
LaTeX Info: Redefining \bigg on input line 723.
LaTeX Info: Redefining \Bigg on input line 724.
\big@size=\dimen170
LaTeX Font Info:    Redeclaring font encoding OML on input line 742.
LaTeX Font Info:    Redeclaring font encoding OMS on input line 743.
\macc@depth=\count303
LaTeX Info: Redefining \bmod on input line 904.
LaTeX Info: Redefining \pmod on input line 909.
LaTeX Info: Redefining \smash on input line 939.
LaTeX Info: Redefining \relbar on input line 969.
LaTeX Info: Redefining \Relbar on input line 970.
\c@MaxMatrixCols=\count304
\dotsspace@=\muskip17
\c@parentequation=\count305
\dspbrk@lvl=\count306
\tag@help=\toks21
\row@=\count307
\column@=\count308
\maxfields@=\count309
\andhelp@=\toks22
\eqnshift@=\dimen171
\alignsep@=\dimen172
\tagshift@=\dimen173
\tagwidth@=\dimen174
\totwidth@=\dimen175
\lineht@=\dimen176
\@envbody=\toks23
\multlinegap=\skip53
\multlinetaggap=\skip54
\mathdisplay@stack=\toks24
LaTeX Info: Redefining \[ on input line 2950.
LaTeX Info: Redefining \] on input line 2951.
)
(C:\Users\kimeu\AppData\Local\Programs\MiKTeX\tex/latex/amsfonts\amssymb.sty
Package: amssymb 2013/01/14 v3.01 AMS font symbols

(C:\Users\kimeu\AppData\Local\Programs\MiKTeX\tex/latex/amsfonts\amsfonts.sty
Package: amsfonts 2013/01/14 v3.01 Basic AMSFonts support
\symAMSa=\mathgroup4
\symAMSb=\mathgroup5
LaTeX Font Info:    Redeclaring math symbol \hbar on input line 98.
LaTeX Font Info:    Overwriting math alphabet `\mathfrak' in version `bold'
(Font)                  U/euf/m/n --> U/euf/b/n on input line 106.
)) (C:\Users\kimeu\AppData\Local\Programs\MiKTeX\tex/latex/geometry\geometry.st
y
Package: geometry 2026/03/07 v6.0 Page Geometry

(C:\Users\kimeu\AppData\Local\Programs\MiKTeX\tex/generic/iftex\ifvtex.sty
Package: ifvtex 2019/10/25 v1.7 ifvtex legacy package. Use iftex instead.

(C:\Users\kimeu\AppData\Local\Programs\MiKTeX\tex/generic/iftex\iftex.sty
Package: iftex 2024/12/12 v1.0g TeX engine tests
))
\Gm@cnth=\count310
\Gm@cntv=\count311
\c@Gm@tempcnt=\count312
\Gm@bindingoffset=\dimen177
\Gm@wd@mp=\dimen178
\Gm@odd@mp=\dimen179
\Gm@even@mp=\dimen180
\Gm@layoutwidth=\dimen181
\Gm@layoutheight=\dimen182
\Gm@layouthoffset=\dimen183
\Gm@layoutvoffset=\dimen184
\Gm@dimlist=\toks25

(C:\Users\kimeu\AppData\Local\Programs\MiKTeX\tex/latex/geometry\geometry.cfg))
(C:\Users\kimeu\AppData\Local\Programs\MiKTeX\tex/latex/hyperref\hyperref.sty
Package: hyperref 2025-07-12 v7.01o Hypertext links for LaTeX

(C:\Users\kimeu\AppData\Local\Programs\MiKTeX\tex/latex/kvsetkeys\kvsetkeys.sty
Package: kvsetkeys 2022-10-05 v1.19 Key value parser (HO)
)
(C:\Users\kimeu\AppData\Local\Programs\MiKTeX\tex/generic/kvdefinekeys\kvdefine
keys.sty
Package: kvdefinekeys 2019-12-19 v1.6 Define keys (HO)
)
(C:\Users\kimeu\AppData\Local\Programs\MiKTeX\tex/generic/pdfescape\pdfescape.s
ty
Package: pdfescape 2019/12/09 v1.15 Implements pdfTeX's escape features (HO)

(C:\Users\kimeu\AppData\Local\Programs\MiKTeX\tex/generic/ltxcmds\ltxcmds.sty
Package: ltxcmds 2023-12-04 v1.26 LaTeX kernel commands for general use (HO)
)
(C:\Users\kimeu\AppData\Local\Programs\MiKTeX\tex/generic/pdftexcmds\pdftexcmds
.sty
Package: pdftexcmds 2020-06-27 v0.33 Utility functions of pdfTeX for LuaTeX (HO
)

(C:\Users\kimeu\AppData\Local\Programs\MiKTeX\tex/generic/infwarerr\infwarerr.s
ty
Package: infwarerr 2019/12/03 v1.5 Providing info/warning/error messages (HO)
)
Package pdftexcmds Info: \pdf@primitive is available.
Package pdftexcmds Info: \pdf@ifprimitive is available.
Package pdftexcmds Info: \pdfdraftmode not found.
))
(C:\Users\kimeu\AppData\Local\Programs\MiKTeX\tex/latex/hycolor\hycolor.sty
Package: hycolor 2020-01-27 v1.10 Color options for hyperref/bookmark (HO)
)
(C:\Users\kimeu\AppData\Local\Programs\MiKTeX\tex/latex/hyperref\nameref.sty
Package: nameref 2025-06-21 v2.57 Cross-referencing by name of section

(C:\Users\kimeu\AppData\Local\Programs\MiKTeX\tex/latex/refcount\refcount.sty
Package: refcount 2019/12/15 v3.6 Data extraction from label references (HO)
)
(C:\Users\kimeu\AppData\Local\Programs\MiKTeX\tex/generic/gettitlestring\gettit
lestring.sty
Package: gettitlestring 2019/12/15 v1.6 Cleanup title references (HO)

(C:\Users\kimeu\AppData\Local\Programs\MiKTeX\tex/latex/kvoptions\kvoptions.sty
Package: kvoptions 2022-06-15 v3.15 Key value format for package options (HO)
))
\c@section@level=\count313
)
(C:\Users\kimeu\AppData\Local\Programs\MiKTeX\tex/latex/etoolbox\etoolbox.sty
Package: etoolbox 2025/10/02 v2.5m e-TeX tools for LaTeX (JAW)
\etb@tempcnta=\count314
)
(C:\Users\kimeu\AppData\Local\Programs\MiKTeX\tex/generic/stringenc\stringenc.s
ty
Package: stringenc 2019/11/29 v1.12 Convert strings between diff. encodings (HO
)
)
\@linkdim=\dimen185
\Hy@linkcounter=\count315
\Hy@pagecounter=\count316
 (C:\Users\kimeu\AppData\Local\Programs\MiKTeX\tex/latex/hyperref\pd1enc.def
File: pd1enc.def 2025-07-12 v7.01o Hyperref: PDFDocEncoding definition (HO)
) (C:\Users\kimeu\AppData\Local\Programs\MiKTeX\tex/generic/intcalc\intcalc.sty
Package: intcalc 2019/12/15 v1.3 Expandable calculations with integers (HO)
)
\Hy@SavedSpaceFactor=\count317
 (C:\Users\kimeu\AppData\Local\Programs\MiKTeX\tex/latex/hyperref\puenc.def
File: puenc.def 2025-07-12 v7.01o Hyperref: PDF Unicode definition (HO)
)
Package hyperref Info: Hyper figures OFF on input line 4195.
Package hyperref Info: Link nesting OFF on input line 4200.
Package hyperref Info: Hyper index ON on input line 4203.
Package hyperref Info: Plain pages OFF on input line 4210.
Package hyperref Info: Backreferencing OFF on input line 4215.
Package hyperref Info: Implicit mode ON; LaTeX internals redefined.
Package hyperref Info: Bookmarks ON on input line 4462.
\c@Hy@tempcnt=\count318

(C:\Users\kimeu\AppData\Local\Programs\MiKTeX\tex/latex/url\url.sty
\Urlmuskip=\muskip18
Package: url 2013/09/16  ver 3.4  Verb mode for urls, etc.
)
LaTeX Info: Redefining \url on input line 4801.
\XeTeXLinkMargin=\dimen186

(C:\Users\kimeu\AppData\Local\Programs\MiKTeX\tex/generic/bitset\bitset.sty
Package: bitset 2019/12/09 v1.3 Handle bit-vector datatype (HO)

(C:\Users\kimeu\AppData\Local\Programs\MiKTeX\tex/generic/bigintcalc\bigintcalc
.sty
Package: bigintcalc 2019/12/15 v1.5 Expandable calculations on big integers (HO
)
))
\Fld@menulength=\count319
\Field@Width=\dimen187
\Fld@charsize=\dimen188
Package hyperref Info: Hyper figures OFF on input line 6078.
Package hyperref Info: Link nesting OFF on input line 6083.
Package hyperref Info: Hyper index ON on input line 6086.
Package hyperref Info: backreferencing OFF on input line 6093.
Package hyperref Info: Link coloring OFF on input line 6098.
Package hyperref Info: Link coloring with OCG OFF on input line 6103.
Package hyperref Info: PDF/A mode OFF on input line 6108.
\Hy@abspage=\count320
\c@Item=\count321
\c@Hfootnote=\count322
)
Package hyperref Info: Driver (autodetected): hxetex.

(C:\Users\kimeu\AppData\Local\Programs\MiKTeX\tex/latex/hyperref\hxetex.def
File: hxetex.def 2025-07-12 v7.01o Hyperref driver for XeTeX
\pdfm@box=\box57
\c@Hy@AnnotLevel=\count323
\HyField@AnnotCount=\count324
\Fld@listcount=\count325
\c@bookmark@seq@number=\count326

(C:\Users\kimeu\AppData\Local\Programs\MiKTeX\tex/latex/rerunfilecheck\rerunfil
echeck.sty
Package: rerunfilecheck 2025-06-21 v1.11 Rerun checks for auxiliary files (HO)

(C:\Users\kimeu\AppData\Local\Programs\MiKTeX\tex/generic/uniquecounter\uniquec
ounter.sty
Package: uniquecounter 2019/12/15 v1.4 Provide unlimited unique counter (HO)
)
Package uniquecounter Info: New unique counter `rerunfilecheck' on input line 2
84.
)
\Hy@SectionHShift=\skip55
)
(C:\Users\kimeu\AppData\Local\Programs\MiKTeX\tex/latex/xcolor\xcolor.sty
Package: xcolor 2024/09/29 v3.02 LaTeX color extensions (UK)

(C:\Users\kimeu\AppData\Local\Programs\MiKTeX\tex/latex/graphics-cfg\color.cfg
File: color.cfg 2016/01/02 v1.6 sample color configuration
)
Package xcolor Info: Driver file: xetex.def on input line 274.
(C:\Users\kimeu\AppData\Local\Programs\MiKTeX\tex/latex/graphics\mathcolor.ltx)
Package xcolor Info: Model `cmy' substituted by `cmy0' on input line 1349.
Package xcolor Info: Model `RGB' extended on input line 1365.
Package xcolor Info: Model `HTML' substituted by `rgb' on input line 1367.
Package xcolor Info: Model `Hsb' substituted by `hsb' on input line 1368.
Package xcolor Info: Model `tHsb' substituted by `hsb' on input line 1369.
Package xcolor Info: Model `HSB' substituted by `hsb' on input line 1370.
Package xcolor Info: Model `Gray' substituted by `gray' on input line 1371.
Package xcolor Info: Model `wave' substituted by `hsb' on input line 1372.
) (C:\Users\kimeu\AppData\Local\Programs\MiKTeX\tex/latex/caption\caption.sty
Package: caption 2023/08/05 v3.6o Customizing captions (AR)

(C:\Users\kimeu\AppData\Local\Programs\MiKTeX\tex/latex/caption\caption3.sty
Package: caption3 2023/07/31 v2.4d caption3 kernel (AR)
\caption@tempdima=\dimen189
\captionmargin=\dimen190
\caption@leftmargin=\dimen191
\caption@rightmargin=\dimen192
\caption@width=\dimen193
\caption@indent=\dimen194
\caption@parindent=\dimen195
\caption@hangindent=\dimen196
Package caption Info: Standard document class detected.
)
\c@caption@flags=\count327
\c@continuedfloat=\count328
Package caption Info: hyperref package is loaded.
)
Package hyperref Info: Option `colorlinks' set `true' on input line 19.

(hera_starlink_uemr_paper_ko.aux)
\openout1 = `hera_starlink_uemr_paper_ko.aux'.

LaTeX Font Info:    Checking defaults for OML/cmm/m/it on input line 35.
LaTeX Font Info:    ... okay on input line 35.
LaTeX Font Info:    Checking defaults for OMS/cmsy/m/n on input line 35.
LaTeX Font Info:    ... okay on input line 35.
LaTeX Font Info:    Checking defaults for OT1/cmr/m/n on input line 35.
LaTeX Font Info:    ... okay on input line 35.
LaTeX Font Info:    Checking defaults for T1/cmr/m/n on input line 35.
LaTeX Font Info:    ... okay on input line 35.
LaTeX Font Info:    Checking defaults for TS1/cmr/m/n on input line 35.
LaTeX Font Info:    ... okay on input line 35.
LaTeX Font Info:    Checking defaults for TU/lmr/m/n on input line 35.
LaTeX Font Info:    ... okay on input line 35.
LaTeX Font Info:    Checking defaults for OMX/cmex/m/n on input line 35.
LaTeX Font Info:    ... okay on input line 35.
LaTeX Font Info:    Checking defaults for U/cmr/m/n on input line 35.
LaTeX Font Info:    ... okay on input line 35.
LaTeX Font Info:    Checking defaults for PD1/pdf/m/n on input line 35.
LaTeX Font Info:    ... okay on input line 35.
LaTeX Font Info:    Checking defaults for PU/pdf/m/n on input line 35.
LaTeX Font Info:    ... okay on input line 35.

Package fontspec Info: 
(fontspec)             Adjusting the maths setup (use [no-math] to avoid
(fontspec)             this).

\symlegacymaths=\mathgroup6
LaTeX Font Info:    Overwriting symbol font `legacymaths' in version `bold'
(Font)                  OT1/cmr/m/n --> OT1/cmr/bx/n on input line 35.
LaTeX Font Info:    Redeclaring math accent \acute on input line 35.
LaTeX Font Info:    Redeclaring math accent \grave on input line 35.
LaTeX Font Info:    Redeclaring math accent \ddot on input line 35.
LaTeX Font Info:    Redeclaring math accent \tilde on input line 35.
LaTeX Font Info:    Redeclaring math accent \bar on input line 35.
LaTeX Font Info:    Redeclaring math accent \breve on input line 35.
LaTeX Font Info:    Redeclaring math accent \check on input line 35.
LaTeX Font Info:    Redeclaring math accent \hat on input line 35.
LaTeX Font Info:    Redeclaring math accent \dot on input line 35.
LaTeX Font Info:    Redeclaring math accent \mathring on input line 35.
LaTeX Font Info:    Redeclaring math symbol \Gamma on input line 35.
LaTeX Font Info:    Redeclaring math symbol \Delta on input line 35.
LaTeX Font Info:    Redeclaring math symbol \Theta on input line 35.
LaTeX Font Info:    Redeclaring math symbol \Lambda on input line 35.
LaTeX Font Info:    Redeclaring math symbol \Xi on input line 35.
LaTeX Font Info:    Redeclaring math symbol \Pi on input line 35.
LaTeX Font Info:    Redeclaring math symbol \Sigma on input line 35.
LaTeX Font Info:    Redeclaring math symbol \Upsilon on input line 35.
LaTeX Font Info:    Redeclaring math symbol \Phi on input line 35.
LaTeX Font Info:    Redeclaring math symbol \Psi on input line 35.
LaTeX Font Info:    Redeclaring math symbol \Omega on input line 35.
LaTeX Font Info:    Redeclaring math symbol \mathdollar on input line 35.
LaTeX Font Info:    Redeclaring symbol font `operators' on input line 35.
LaTeX Font Info:    Encoding `OT1' has changed to `TU' for symbol font
(Font)              `operators' in the math version `normal' on input line 35.
LaTeX Font Info:    Overwriting symbol font `operators' in version `normal'
(Font)                  OT1/cmr/m/n --> TU/lmr/m/n on input line 35.
LaTeX Font Info:    Encoding `OT1' has changed to `TU' for symbol font
(Font)              `operators' in the math version `bold' on input line 35.
LaTeX Font Info:    Overwriting symbol font `operators' in version `bold'
(Font)                  OT1/cmr/bx/n --> TU/lmr/m/n on input line 35.
LaTeX Font Info:    Overwriting symbol font `operators' in version `normal'
(Font)                  TU/lmr/m/n --> TU/lmr/m/n on input line 35.
LaTeX Font Info:    Overwriting math alphabet `\mathit' in version `normal'
(Font)                  OT1/cmr/m/it --> TU/lmr/m/it on input line 35.
LaTeX Font Info:    Overwriting math alphabet `\mathbf' in version `normal'
(Font)                  OT1/cmr/bx/n --> TU/lmr/b/n on input line 35.
LaTeX Font Info:    Overwriting math alphabet `\mathsf' in version `normal'
(Font)                  OT1/cmss/m/n --> TU/lmss/m/n on input line 35.
LaTeX Font Info:    Overwriting math alphabet `\mathtt' in version `normal'
(Font)                  OT1/cmtt/m/n --> TU/lmtt/m/n on input line 35.
LaTeX Font Info:    Overwriting symbol font `operators' in version `bold'
(Font)                  TU/lmr/m/n --> TU/lmr/b/n on input line 35.
LaTeX Font Info:    Overwriting math alphabet `\mathit' in version `bold'
(Font)                  OT1/cmr/bx/it --> TU/lmr/b/it on input line 35.
LaTeX Font Info:    Overwriting math alphabet `\mathsf' in version `bold'
(Font)                  OT1/cmss/bx/n --> TU/lmss/b/n on input line 35.
LaTeX Font Info:    Overwriting math alphabet `\mathtt' in version `bold'
(Font)                  OT1/cmtt/m/n --> TU/lmtt/b/n on input line 35.

Package fontspec Info: 
(fontspec)             Font family 'UnBatang.ttf(0)' created for font
(fontspec)             'UnBatang.ttf' with options
(fontspec)             [Ligatures=TeX,BoldFont={UnBatangBold.ttf},Script={Hangu
l},Language={Korean}].
(fontspec)              
(fontspec)              This font family consists of the following NFSS
(fontspec)             series/shapes:
(fontspec)              
(fontspec)             - 'normal' (m/n) with NFSS spec.:
(fontspec)             <->"[UnBatang.ttf]/OT:script=hang;language=KOR;mapping=t
ex-text;"
(fontspec)             - 'bold' (b/n) with NFSS spec.:
(fontspec)             <->"[UnBatangBold.ttf]/OT:script=hang;language=KOR;mappi
ng=tex-text;"


Package fontspec Info: 
(fontspec)             Font family 'UnDotum.ttf(0)' created for font
(fontspec)             'UnDotum.ttf' with options
(fontspec)             [Ligatures=TeX,BoldFont={UnDotumBold.ttf}].
(fontspec)              
(fontspec)              This font family consists of the following NFSS
(fontspec)             series/shapes:
(fontspec)              
(fontspec)             - 'normal' (m/n) with NFSS spec.:
(fontspec)             <->"[UnDotum.ttf]/OT:language=dflt;mapping=tex-text;"
(fontspec)             - 'bold' (b/n) with NFSS spec.:
(fontspec)             <->"[UnDotumBold.ttf]/OT:language=dflt;mapping=tex-text;
"


Package fontspec Info: 
(fontspec)             Font family 'UnDotum.ttf(1)' created for font
(fontspec)             'UnDotum.ttf' with options
(fontspec)             [BoldFont={UnDotumBold.ttf},UprightFeatures={SizeFeature
s={{Size={-8.5},
(fontspec)             FakeStretch=1.062}, {Size={8.5-11}, FakeStretch=1.05 },
(fontspec)             {Size={11-}, FakeStretch=1.03
(fontspec)             }}},BoldFeatures={SizeFeatures={{Size={-},
(fontspec)             FakeStretch=1.05 }}},WordSpace={1.66667,0,0}].
(fontspec)              
(fontspec)              This font family consists of the following NFSS
(fontspec)             series/shapes:
(fontspec)              
(fontspec)             - 'normal' (m/n) with NFSS spec.:
(fontspec)             <-8.5>"[UnDotum.ttf]/OT:language=dflt;extend=1.062;"<8.5
-11>"[UnDotum.ttf]/OT:language=dflt;extend=1.05;"<11->"[UnDotum.ttf]/OT:languag
e=dflt;extend=1.03;"
(fontspec)             - 'bold' (b/n) with NFSS spec.:
(fontspec)             <->"[UnDotumBold.ttf]/OT:language=dflt;extend=1.05;"


*geometry* driver: auto-detecting
*geometry* detected driver: xetex
*geometry* verbose mode - [ preamble ] result:
* driver: xetex
* paper: a4paper
* layout: <same size as paper>
* layoutoffset:(h,v)=(0.0pt,0.0pt)
* modes: 
* h-part:(L,W,R)=(71.13188pt, 455.24411pt, 71.13188pt)
* v-part:(T,H,B)=(71.13188pt, 702.78308pt, 71.13188pt)
* \paperwidth=597.50787pt
* \paperheight=845.04684pt
* \textwidth=455.24411pt
* \textheight=702.78308pt
* \oddsidemargin=-1.1381pt
* \evensidemargin=-1.1381pt
* \topmargin=-38.1381pt
* \headheight=12.0pt
* \headsep=25.0pt
* \topskip=11.0pt
* \footskip=30.0pt
* \marginparwidth=50.0pt
* \marginparsep=10.0pt
* \columnsep=10.0pt
* \skip\footins=10.0pt plus 4.0pt minus 2.0pt
* \hoffset=0.0pt
* \voffset=0.0pt
* \mag=1000
* \@twocolumnfalse
* \@twosidefalse
* \@mparswitchfalse
* \@reversemarginfalse
* (1in=72.27pt=25.4mm, 1cm=28.453pt)

Package hyperref Info: Link coloring ON on input line 35.
(hera_starlink_uemr_paper_ko.out) (hera_starlink_uemr_paper_ko.out)
\@outlinefile=\write3
\openout3 = `hera_starlink_uemr_paper_ko.out'.

Package caption Info: Begin \AtBeginDocument code.
Package caption Info: End \AtBeginDocument code.
LaTeX Font Info:    Trying to load font information for U+msa on input line 37.


(C:\Users\kimeu\AppData\Local\Programs\MiKTeX\tex/latex/amsfonts\umsa.fd
File: umsa.fd 2013/01/14 v3.01 AMS symbols A
)
LaTeX Font Info:    Trying to load font information for U+msb on input line 37.


(C:\Users\kimeu\AppData\Local\Programs\MiKTeX\tex/latex/amsfonts\umsb.fd
File: umsb.fd 2013/01/14 v3.01 AMS symbols B
)
LaTeX Font Info:    Font shape `TU/UnBatang.ttf(0)/bx/n' in size <10> not avail
able
(Font)              Font shape `TU/UnBatang.ttf(0)/b/n' tried instead on input 
line 38.

Overfull \hbox (9.23546pt too wide) in paragraph at lines 39--42
[]\TU/UnBatang.ttf(0)/m/n/10 본 논 문 은 저 궤 도 위 성 에 서 기 인 할 수 있 는 \TU/lmr/m/n/10 S
tarlink-like unintended electromagnetic radiation
 []


Overfull \hbox (12.51447pt too wide) in paragraph at lines 43--46
[]\TU/UnBatang.ttf(0)/m/n/10 우 리 는 실 제 \TU/lmr/m/n/10 HERA-like background visi
bility crop \TU/UnBatang.ttf(0)/m/n/10 을 사 용 하 고, \TU/lmr/m/n/10 TLE \TU/UnBata
ng.ttf(0)/m/n/10 기 반 \TU/lmr/m/n/10 near-field geometry,
 []


Overfull \hbox (0.26955pt too wide) in paragraph at lines 43--46
\TU/lmr/m/n/10 coherent-like amplification \TU/UnBatang.ttf(0)/m/n/10 은 각 각 \TU
/lmr/m/n/10 6.93, 7.13, 7.16 dB \TU/UnBatang.ttf(0)/m/n/10 였 으 며, 모 든 경 우 에 서 \
TU/lmr/m/n/10 phase-randomized
 []


Overfull \hbox (13.18771pt too wide) in paragraph at lines 47--49
[]\TU/UnBatang.ttf(0)/m/n/10 본 결 과 는 \TU/lmr/m/n/10 proprietary Starlink wavefo
rm reconstruction \TU/UnBatang.ttf(0)/m/n/10 이 아 니 며, \TU/lmr/m/n/10 D-terms, F
araday rotation,
 []

LaTeX Font Info:    Font shape `TU/UnBatang.ttf(0)/bx/n' in size <14.4> not ava
ilable
(Font)              Font shape `TU/UnBatang.ttf(0)/b/n' tried instead on input 
line 51.

Overfull \hbox (12.47366pt too wide) in paragraph at lines 53--57
\TU/lmr/m/n/10.95 domain \TU/UnBatang.ttf(0)/m/n/10.95 및 \TU/lmr/m/n/10.95 frin
ge-rate domain \TU/UnBatang.ttf(0)/m/n/10.95 에 서 분 리 하 려 고 한 다. 이 때 문 제 는 단 순 히
 \TU/lmr/m/n/10.95 radio-frequency interference
 []


Overfull \hbox (3.29651pt too wide) in paragraph at lines 53--57
\TU/lmr/m/n/10.95 dependent delay \TU/UnBatang.ttf(0)/m/n/10.95 및 \TU/lmr/m/n/1
0.95 fringe-rate \TU/UnBatang.ttf(0)/m/n/10.95 를 가 진 다. 따 라 서 위 성 \TU/lmr/m/n/1
0.95 UEMR contamination \TU/UnBatang.ttf(0)/m/n/10.95 은 정 지 된 \TU/lmr/m/n/10.95
 narrowband
 []

[1

]
LaTeX Font Info:    Font shape `TU/UnBatang.ttf(0)/bx/n' in size <12> not avail
able
(Font)              Font shape `TU/UnBatang.ttf(0)/b/n' tried instead on input 
line 78.

Overfull \hbox (9.54915pt too wide) in paragraph at lines 90--91
[]\TU/lmr/m/n/10.95 Bassa et al.-style XX/ YY anti-correlation \TU/UnBatang.ttf
(0)/m/n/10.95 은 \TU/lmr/m/n/10.95 full-Stokes measurement \TU/UnBatang.ttf(0)/m
/n/10.95 가 아 니 라 \TU/lmr/m/n/10.95 parameterized
 []


Overfull \hbox (11.76224pt too wide) in paragraph at lines 105--106
[]\TU/lmr/m/n/10.95 full direction-dependent calibration \TU/UnBatang.ttf(0)/m/
n/10.95 이 나 \TU/lmr/m/n/10.95 redundant calibration residual \TU/UnBatang.ttf(0
)/m/n/10.95 의 완 전 한 \TU/lmr/m/n/10.95 propagation. 
 []

[2]
Overfull \hbox (0.81184pt too wide) in paragraph at lines 158--162
\TU/UnBatang.ttf(0)/m/n/10.95 실 험 에 는 \TU/lmr/m/n/10.95 HERA-like UVH5 \TU/UnBa
tang.ttf(0)/m/n/10.95 에 서 추 출 한 단 일 \TU/lmr/m/n/10.95 baseline crop \TU/UnBatan
g.ttf(0)/m/n/10.95 을 사 용 하 였 다. 대 표 \TU/lmr/m/n/10.95 baseline \TU/UnBatang.ttf
(0)/m/n/10.95 은 \TU/lmr/m/n/10.95 antenna
 []

[3]
Overfull \hbox (10.51785pt too wide) in paragraph at lines 183--192
 [][] 
 []

[4]
Overfull \hbox (1.04195pt too wide) in paragraph at lines 219--223
\TU/UnBatang.ttf(0)/m/n/10.95 라 서 \TU/lmr/m/n/10.95 main controlled-injection s
et \TU/UnBatang.ttf(0)/m/n/10.95 에 서 는 \TU/lmr/m/n/10.95 peak altitude gate \TU
/UnBatang.ttf(0)/m/n/10.95 를 도 입 하 였 다. 본 문 의 \TU/lmr/m/n/10.95 main validation

 []


Overfull \hbox (8.98077pt too wide) in paragraph at lines 225--228
\TU/UnBatang.ttf(0)/m/n/10.95 인 \TU/lmr/m/n/10.95 mid-altitude emitter \TU/UnBa
tang.ttf(0)/m/n/10.95 만 사 용 한 다. 이 선 택 은 \TU/lmr/m/n/10.95 zenith-crossing comp
ression \TU/UnBatang.ttf(0)/m/n/10.95 을 피 하 고, \TU/lmr/m/n/10.95 time direction

 []


Overfull \hbox (1.91258pt too wide) in paragraph at lines 229--231
[]\TU/UnBatang.ttf(0)/m/n/10.95 이 \TU/lmr/m/n/10.95 gate \TU/UnBatang.ttf(0)/m/
n/10.95 는 \TU/lmr/m/n/10.95 satellite visibility \TU/UnBatang.ttf(0)/m/n/10.95 
자 체 를 약 하 게 만 들 기 위 한 것 이 아 니 라, \TU/lmr/m/n/10.95 representative morphology
 []


Overfull \hbox (7.2016pt too wide) in paragraph at lines 240--241
[]\TU/lmtt/m/n/10.95 tables/ phase_randomized_null_ratios.csv\TU/lmr/m/n/10.95 
: phase-randomized null trial \TU/UnBatang.ttf(0)/m/n/10.95 별 \TU/lmr/m/n/10.95
 amplification
 []

[5]
Overfull \hbox (9.33118pt too wide) in paragraph at lines 280--283
\TU/UnBatang.ttf(0)/m/n/10.95 를 사 용 하 였 다. \TU/lmr/m/n/10.95 Primary beam \TU/U
nBatang.ttf(0)/m/n/10.95 은 \TU/lmtt/m/n/10.95 hera_sim \TU/UnBatang.ttf(0)/m/n/
10.95 의 \TU/lmr/m/n/10.95 PolyBeam-like Fagnoni model \TU/UnBatang.ttf(0)/m/n/1
0.95 을 사 용 하 되, \TU/lmr/m/n/10.95 Chebyshev
 []


Overfull \hbox (6.06155pt too wide) in paragraph at lines 299--303
\TU/lmr/m/n/10.95 range \TU/UnBatang.ttf(0)/m/n/10.95 에 서 \TU/lmr/m/n/10.95 pre
-beam, pre-smearing, pre-duty scale \TU/UnBatang.ttf(0)/m/n/10.95 을 정 하 는 \TU/l
mr/m/n/10.95 parameter \TU/UnBatang.ttf(0)/m/n/10.95 이 다. 실 제 \TU/lmr/m/n/10.95
 injected visibility
 []

[6] [7]
Overfull \hbox (15.43573pt too wide) in paragraph at lines 432--435
[]\TU/UnBatang.ttf(0)/m/n/10.95 여 기 서 “\TU/lmr/m/n/10.95 coherent-like\TU/UnBat
ang.ttf(0)/m/n/10.95 ” 라 는 표 현 을 쓰 는 이 유 는, 이 \TU/lmr/m/n/10.95 amplification \
TU/UnBatang.ttf(0)/m/n/10.95 이 반 드 시 완 전 한 \TU/lmr/m/n/10.95 phase coherence
 []

[8]
Overfull \hbox (6.59921pt too wide) in paragraph at lines 478--483
[]\TU/UnBatang.ttf(0)/m/n/10.95 이 \TU/lmr/m/n/10.95 metric \TU/UnBatang.ttf(0)/
m/n/10.95 들 은 서 로 다 른 질 문 에 답 한 다. \TU/lmr/m/n/10.95 Global metric \TU/UnBatang
.ttf(0)/m/n/10.95 은 “\TU/lmr/m/n/10.95 residual \TU/UnBatang.ttf(0)/m/n/10.95 이
 전 체 \TU/lmr/m/n/10.95 processed background
 []

[9]
File: waterfall_w001_anti_correlated_ee_c0p35/figures/waterfall_raw_processed_6
panel_masked.png Graphic file (type bmp)
<waterfall_w001_anti_correlated_ee_c0p35/figures/waterfall_raw_processed_6panel
_masked.png>
 [10]
File: polarization_contrast_sweep_w001/polarization_contrast_sweep_summary.png 
Graphic file (type bmp)
<polarization_contrast_sweep_w001/polarization_contrast_sweep_summary.png>

Overfull \hbox (0.64653pt too wide) in paragraph at lines 596--600
\TU/lmr/m/n/10.95 Anti-correlated model \TU/UnBatang.ttf(0)/m/n/10.95 이 적 용 되 면
 \TU/lmr/m/n/10.95 EE \TU/UnBatang.ttf(0)/m/n/10.95 와 \TU/lmr/m/n/10.95 NN resi
dual metrics \TU/UnBatang.ttf(0)/m/n/10.95 가 서 로 달 라 진 다. \TU/lmr/m/n/10.95 EE 
\TU/UnBatang.ttf(0)/m/n/10.95 에 서 는 \TU/lmr/m/n/10.95 contrast
 []


Overfull \hbox (12.78014pt too wide) in paragraph at lines 596--600
\TU/UnBatang.ttf(0)/m/n/10.95 가 증 가 할 수 록 \TU/lmr/m/n/10.95 coherent-like ampli
fication \TU/UnBatang.ttf(0)/m/n/10.95 이 약 간 증 가 하 고, \TU/lmr/m/n/10.95 NN \TU/
UnBatang.ttf(0)/m/n/10.95 에 서 는 감 소 한 다. 이 는 \TU/lmr/m/n/10.95 parameterized
 []

[11]
File: validation_figures_phase_null500_w000_w002/fig_phase_randomized_null_hist
ograms.png Graphic file (type bmp)
<validation_figures_phase_null500_w000_w002/fig_phase_randomized_null_histogram
s.png>
 [12]
File: topn_sensitivity_w001_w002/fig_topn_sensitivity.png Graphic file (type bm
p)
<topn_sensitivity_w001_w002/fig_topn_sensitivity.png>

Overfull \hbox (5.98332pt too wide) in paragraph at lines 667--681
 [][] 
 []

File: validation_phase_null500_w001/figures/fig05_pairwise_delay_separation_vs_
coherence.png Graphic file (type bmp)
<validation_phase_null500_w001/figures/fig05_pairwise_delay_separation_vs_coher
ence.png>
[13]
File: validation_figures_phase_null500_w000_w002/fig_local_residual_budget_bars
.png Graphic file (type bmp)
<validation_figures_phase_null500_w000_w002/fig_local_residual_budget_bars.png>


Overfull \hbox (14.69637pt too wide) in paragraph at lines 746--749
\TU/UnBatang.ttf(0)/m/n/10.95 는 \TU/lmr/m/n/10.95 global metric \TU/UnBatang.tt
f(0)/m/n/10.95 보 다 훨 씬 덜 음 수 이 며, 특 히 \TU/lmr/m/n/10.95 w002 \TU/UnBatang.ttf(0
)/m/n/10.95 에 서 는 \TU/lmr/m/n/10.95 -4.13 dB \TU/UnBatang.ttf(0)/m/n/10.95 까 지 
접 근 한 다. 따 라 서 “\TU/lmr/m/n/10.95 background
 []

[14]
Overfull \hbox (29.80186pt too wide) in paragraph at lines 768--772
\OMS/cmsy/m/n/10.95 P\OT1/cmr/m/n/10.95 (\OML/cmm/m/it/10.95 V[] \OT1/cmr/m/n/1
0.95 + \OML/cmm/m/it/10.95 V[]\OT1/cmr/m/n/10.95 ) \OMS/cmsy/m/n/10.95 ^^@ P\OT
1/cmr/m/n/10.95 (\OML/cmm/m/it/10.95 V[]\OT1/cmr/m/n/10.95 )$ \TU/UnBatang.ttf(
0)/m/n/10.95 는 \TU/lmr/m/n/10.95 processed satellite-only component \TU/UnBatan
g.ttf(0)/m/n/10.95 와 같 아 보 일 수 있 지 만, 실 제 \TU/lmr/m/n/10.95 implementation
 []

[15]
Overfull \hbox (5.0482pt too wide) in paragraph at lines 809--814
\TU/lmr/m/n/10.95 NaN stripe \TU/UnBatang.ttf(0)/m/n/10.95 를 그 대 로 흰 색 으 로 표 시 
하 면 \TU/lmr/m/n/10.95 figure \TU/UnBatang.ttf(0)/m/n/10.95 가 \TU/lmr/m/n/10.95 
misleading \TU/UnBatang.ttf(0)/m/n/10.95 해 진 다. 본 연 구 에 서 는 \TU/lmr/m/n/10.95 r
aw background
 []

[16]
Overfull \hbox (32.51045pt too wide) in paragraph at lines 885--886
[]\TU/lmr/m/n/10.95 Source coherency $\OML/cmm/m/it/10.95 C[]$ \TU/UnBatang.ttf
(0)/m/n/10.95 는 \TU/lmr/m/n/10.95 literature-motivated parameterization \TU/UnB
atang.ttf(0)/m/n/10.95 이 며, 실 제 \TU/lmr/m/n/10.95 full-Stokes measurement
 []


Overfull \hbox (11.61969pt too wide) in paragraph at lines 894--896
\TU/lmr/m/n/10.95 injection \TU/UnBatang.ttf(0)/m/n/10.95 으 로 보 였 다. 또 한 다 중 \T
U/lmr/m/n/10.95 emitter \TU/UnBatang.ttf(0)/m/n/10.95 조 건 에 서 \TU/lmr/m/n/10.95
 observed delay-domain coherent-like amplification
 []

[17]
LaTeX Font Info:    Font shape `TU/UnBatang.ttf(0)/bx/n' in size <10.95> not av
ailable
(Font)              Font shape `TU/UnBatang.ttf(0)/b/n' tried instead on input 
line 947.
LaTeX Font Info:    Font shape `TU/lmtt/bx/n' in size <10.95> not available
(Font)              Font shape `TU/lmtt/b/n' tried instead on input line 947.
LaTeX Font Info:    Font shape `TU/UnDotum.ttf(1)/bx/n' in size <10.95> not ava
ilable
(Font)              Font shape `TU/UnDotum.ttf(1)/b/n' tried instead on input l
ine 947.
 [18]
Overfull \hbox (3.2541pt too wide) in paragraph at lines 954--955
[]\TU/UnBatang.ttf(0)/m/n/10.95 전 체 \TU/lmr/m/n/10.95 processed background powe
r \TU/UnBatang.ttf(0)/m/n/10.95 대 비 \TU/lmr/m/n/10.95 interaction
 []


Overfull \hbox (12.7915pt too wide) in paragraph at lines 960--961
[]\TU/lmr/m/n/10.95 Pairwise delay tracks \TU/UnBatang.ttf(0)/m/n/10.95 가 같 은 \
TU/lmr/m/n/10.95 delay bin \TU/UnBatang.ttf(0)/m/n/10.95 안 에 있 는 \TU/lmr/m/n/10
.95 time fraction. 
 []


Overfull \hbox (13.33008pt too wide) in paragraph at lines 967--968
[]\TU/UnBatang.ttf(0)/m/n/10.95 문 헌 서 지 정 보 : \TU/lmr/m/n/10.95 Di Vruno 2023, 
Bassa 2024, Fagnoni/ PolyBeam, HERA instrument, Hamaker/
 []

[19] [20] (hera_starlink_uemr_paper_ko.aux)
 ***********
LaTeX2e <2025-11-01>
L3 programming layer <2025-12-24>
 ***********
Package rerunfilecheck Info: File `hera_starlink_uemr_paper_ko.out' has not cha
nged.
(rerunfilecheck)             Checksum: 61917DEF66F4F491F67AB1F44AB22AF8;9348.
 ) 
Here is how much of TeX's memory you used:
 17510 strings out of 404954
 304202 string characters out of 5481048
 767847 words of memory out of 5000000
 45896 multiletter control sequences out of 15000+600000
 634594 words of font info for 105 fonts, out of 8000000 for 9000
 0 hyphenation exceptions out of 8191
 102i,9n,105p,399b,2825s stack positions out of 10000i,1000n,20000p,200000b,200000s

Output written on hera_starlink_uemr_paper_ko.pdf (20 pages).
